<?xml version="1.0" encoding="UTF-8"?>
<!-- Generated by org.testng.reporters.JUnitReportReporter -->
<testsuite skipped="0" hostname="DESKTOP-4ER9H37" name="base.Base" tests="1" failures="0" timestamp="2019-11-19T22:03:56 IST" time="9.917" errors="0">
  <testcase name="inIt" time="9.917" classname="base.Base"/>
</testsuite> <!-- base.Base -->
